#! /usr/bin/vvp
:ivl_version "10.1 (stable)";
:ivl_delay_selection "TYPICAL";
:vpi_time_precision - 10;
:vpi_module "system";
:vpi_module "vhdl_sys";
:vpi_module "v2005_math";
:vpi_module "va_math";
S_0x7fffcbf1db00 .scope module, "tb_fibonacci" "tb_fibonacci" 2 2;
 .timescale -9 -10;
v0x7fffcbf3e3a0_0 .var "clk", 0 0;
v0x7fffcbf3e460_0 .net "fib", 31 0, L_0x7fffcbed87a0;  1 drivers
v0x7fffcbf3e530_0 .var "n", 31 0;
v0x7fffcbf3e630_0 .var "start", 0 0;
v0x7fffcbf3e700_0 .net "valid", 0 0, L_0x7fffcbf3e7f0;  1 drivers
S_0x7fffcbf1dc80 .scope module, "f" "fibonacci" 2 13, 3 1 0, S_0x7fffcbf1db00;
 .timescale 0 0;
    .port_info 0 /INPUT 1 "clk"
    .port_info 1 /INPUT 1 "start"
    .port_info 2 /INPUT 32 "n"
    .port_info 3 /OUTPUT 1 "valid"
    .port_info 4 /OUTPUT 32 "fib"
P_0x7fffcbed7710 .param/l "in_size" 0 3 2, +C4<00000000000000000000000000100000>;
P_0x7fffcbed7750 .param/l "out_size" 0 3 3, +C4<00000000000000000000000000100000>;
L_0x7fffcbed87a0 .functor BUFZ 32, v0x7fffcbf3de90_0, C4<00000000000000000000000000000000>, C4<00000000000000000000000000000000>, C4<00000000000000000000000000000000>;
v0x7fffcbf19a20_0 .net "clk", 0 0, v0x7fffcbf3e3a0_0;  1 drivers
v0x7fffcbf3dc10_0 .var "f0", 31 0;
v0x7fffcbf3dcf0_0 .var "f1", 31 0;
v0x7fffcbf3ddb0_0 .net "fib", 31 0, L_0x7fffcbed87a0;  alias, 1 drivers
v0x7fffcbf3de90_0 .var "fn", 31 0;
v0x7fffcbf3dfc0_0 .net "n", 31 0, v0x7fffcbf3e530_0;  1 drivers
v0x7fffcbf3e0a0_0 .var "n_count", 31 0;
v0x7fffcbf3e180_0 .net "start", 0 0, v0x7fffcbf3e630_0;  1 drivers
v0x7fffcbf3e240_0 .net "valid", 0 0, L_0x7fffcbf3e7f0;  alias, 1 drivers
E_0x7fffcbf0f050/0 .event negedge, v0x7fffcbf3e180_0;
E_0x7fffcbf0f050/1 .event posedge, v0x7fffcbf19a20_0;
E_0x7fffcbf0f050 .event/or E_0x7fffcbf0f050/0, E_0x7fffcbf0f050/1;
E_0x7fffcbf0da40 .event posedge, v0x7fffcbf19a20_0;
E_0x7fffcbf0e4e0 .event negedge, v0x7fffcbf19a20_0;
L_0x7fffcbf3e7f0 .cmp/eq 32, v0x7fffcbf3e0a0_0, v0x7fffcbf3e530_0;
    .scope S_0x7fffcbf1dc80;
T_0 ;
    %wait E_0x7fffcbf0e4e0;
    %load/vec4 v0x7fffcbf3e180_0;
    %inv;
    %flag_set/vec4 8;
    %jmp/0xz  T_0.0, 8;
    %pushi/vec4 0, 0, 32;
    %assign/vec4 v0x7fffcbf3dc10_0, 0;
    %jmp T_0.1;
T_0.0 ;
    %load/vec4 v0x7fffcbf3e0a0_0;
    %load/vec4 v0x7fffcbf3dfc0_0;
    %cmp/e;
    %jmp/0xz  T_0.2, 4;
    %load/vec4 v0x7fffcbf3dc10_0;
    %assign/vec4 v0x7fffcbf3dc10_0, 0;
    %jmp T_0.3;
T_0.2 ;
    %load/vec4 v0x7fffcbf3dcf0_0;
    %assign/vec4 v0x7fffcbf3dc10_0, 0;
T_0.3 ;
T_0.1 ;
    %jmp T_0;
    .thread T_0;
    .scope S_0x7fffcbf1dc80;
T_1 ;
    %wait E_0x7fffcbf0e4e0;
    %load/vec4 v0x7fffcbf3e180_0;
    %inv;
    %flag_set/vec4 8;
    %jmp/0xz  T_1.0, 8;
    %pushi/vec4 1, 0, 32;
    %assign/vec4 v0x7fffcbf3dcf0_0, 0;
    %jmp T_1.1;
T_1.0 ;
    %load/vec4 v0x7fffcbf3e0a0_0;
    %load/vec4 v0x7fffcbf3dfc0_0;
    %cmp/e;
    %jmp/0xz  T_1.2, 4;
    %load/vec4 v0x7fffcbf3dcf0_0;
    %assign/vec4 v0x7fffcbf3dcf0_0, 0;
    %jmp T_1.3;
T_1.2 ;
    %load/vec4 v0x7fffcbf3de90_0;
    %assign/vec4 v0x7fffcbf3dcf0_0, 0;
T_1.3 ;
T_1.1 ;
    %jmp T_1;
    .thread T_1;
    .scope S_0x7fffcbf1dc80;
T_2 ;
    %wait E_0x7fffcbf0da40;
    %load/vec4 v0x7fffcbf3e180_0;
    %inv;
    %flag_set/vec4 8;
    %jmp/0xz  T_2.0, 8;
    %pushi/vec4 1, 0, 32;
    %assign/vec4 v0x7fffcbf3de90_0, 0;
    %jmp T_2.1;
T_2.0 ;
    %load/vec4 v0x7fffcbf3e0a0_0;
    %load/vec4 v0x7fffcbf3dfc0_0;
    %cmp/e;
    %jmp/0xz  T_2.2, 4;
    %load/vec4 v0x7fffcbf3de90_0;
    %assign/vec4 v0x7fffcbf3de90_0, 0;
    %jmp T_2.3;
T_2.2 ;
    %load/vec4 v0x7fffcbf3dc10_0;
    %load/vec4 v0x7fffcbf3dcf0_0;
    %add;
    %assign/vec4 v0x7fffcbf3de90_0, 0;
T_2.3 ;
T_2.1 ;
    %jmp T_2;
    .thread T_2;
    .scope S_0x7fffcbf1dc80;
T_3 ;
    %wait E_0x7fffcbf0f050;
    %load/vec4 v0x7fffcbf3e180_0;
    %inv;
    %flag_set/vec4 8;
    %jmp/0xz  T_3.0, 8;
    %pushi/vec4 1, 0, 32;
    %assign/vec4 v0x7fffcbf3e0a0_0, 0;
    %jmp T_3.1;
T_3.0 ;
    %load/vec4 v0x7fffcbf3e0a0_0;
    %load/vec4 v0x7fffcbf3dfc0_0;
    %cmp/e;
    %jmp/0xz  T_3.2, 4;
    %load/vec4 v0x7fffcbf3e0a0_0;
    %assign/vec4 v0x7fffcbf3e0a0_0, 0;
    %jmp T_3.3;
T_3.2 ;
    %load/vec4 v0x7fffcbf3e0a0_0;
    %addi 1, 0, 32;
    %assign/vec4 v0x7fffcbf3e0a0_0, 0;
T_3.3 ;
T_3.1 ;
    %jmp T_3;
    .thread T_3;
    .scope S_0x7fffcbf1db00;
T_4 ;
    %delay 100, 0;
    %load/vec4 v0x7fffcbf3e3a0_0;
    %inv;
    %store/vec4 v0x7fffcbf3e3a0_0, 0, 1;
    %jmp T_4;
    .thread T_4;
    .scope S_0x7fffcbf1db00;
T_5 ;
    %vpi_call 2 24 "$dumpfile", "fib.vcd" {0 0 0};
    %vpi_call 2 25 "$dumpvars" {0 0 0};
    %vpi_call 2 26 "$display", "Starting simulation....." {0 0 0};
    %pushi/vec4 10, 0, 32;
    %store/vec4 v0x7fffcbf3e530_0, 0, 32;
    %pushi/vec4 0, 0, 1;
    %store/vec4 v0x7fffcbf3e630_0, 0, 1;
    %pushi/vec4 0, 0, 1;
    %store/vec4 v0x7fffcbf3e3a0_0, 0, 1;
    %delay 100, 0;
    %pushi/vec4 1, 0, 1;
    %store/vec4 v0x7fffcbf3e630_0, 0, 1;
    %delay 5000, 0;
    %vpi_call 2 33 "$display", "Simulation Complete!" {0 0 0};
    %vpi_call 2 34 "$finish" {0 0 0};
    %end;
    .thread T_5;
# The file index is used to find the file name in the following table.
:file_names 4;
    "N/A";
    "<interactive>";
    "tb_fibonacci.v";
    "fibonacci.v";
